build/outputs/mapping/release/seeds.txt
com.aragaer.yama.MemoCreateActivity
com.aragaer.yama.MemoCreateActivity: MemoCreateActivity()
com.aragaer.yama.MemoListActivity
com.aragaer.yama.MemoListActivity: MemoListActivity()