build/outputs/mapping/release/mapping.txt
com.aragaer.yama.EditFragment -> com.aragaer.yama.a:
    android.widget.EditText memo -> a
    java.lang.String text -> b
    android.view.View onCreateView(android.view.LayoutInflater,android.view.ViewGroup,android.os.Bundle) -> onCreateView
    void onCreateOptionsMenu(android.view.Menu,android.view.MenuInflater) -> onCreateOptionsMenu
com.aragaer.yama.MemoCreateActivity -> com.aragaer.yama.MemoCreateActivity:
    android.widget.EditText memo -> a
    android.view.MenuItem$OnMenuItemClickListener clickListener -> b
    void onCreate(android.os.Bundle) -> onCreate
    void onBackPressed() -> onBackPressed
    void exitToList() -> a
    void saveMemo() -> b
    void createMenuItem(android.view.Menu,int,int) -> a
    boolean onCreateOptionsMenu(android.view.Menu) -> onCreateOptionsMenu
    void access$000(com.aragaer.yama.MemoCreateActivity) -> a
    void access$100(com.aragaer.yama.MemoCreateActivity) -> b
com.aragaer.yama.MemoCreateActivity$1 -> com.aragaer.yama.b:
    com.aragaer.yama.MemoCreateActivity this$0 -> a
    boolean onMenuItemClick(android.view.MenuItem) -> onMenuItemClick
com.aragaer.yama.MemoFile -> com.aragaer.yama.c:
    com.aragaer.yama.EditFragment fragment -> a
    void write(android.content.Context,java.util.List,int) -> a
    java.util.List sanitize(java.lang.String[]) -> a
    java.util.List getResult() -> a
com.aragaer.yama.MemoListActivity -> com.aragaer.yama.MemoListActivity:
    java.util.List memoList -> a
    com.aragaer.yama.MemoListFragment listFragment -> d
    int editPosition -> b
    com.aragaer.yama.MemoFile editor$7f8e4972 -> c
    void onCreate(android.os.Bundle) -> onCreate
    void onResume() -> onResume
    void closeEditor() -> a
    void applyEdit(java.util.List) -> a
    void onBackPressed() -> onBackPressed
    boolean onOptionsItemSelected(android.view.MenuItem) -> onOptionsItemSelected
com.aragaer.yama.MemoListFragment -> com.aragaer.yama.d:
    android.widget.ListView memoListView -> c
    android.widget.ArrayAdapter memoAdapter -> d
    java.util.List memoList -> a
    int scrollTo -> b
    void onItemClick(android.widget.AdapterView,android.view.View,int,long) -> onItemClick
    android.view.View onCreateView(android.view.LayoutInflater,android.view.ViewGroup,android.os.Bundle) -> onCreateView
    void onResume() -> onResume
    void onCreateOptionsMenu(android.view.Menu,android.view.MenuInflater) -> onCreateOptionsMenu