build/outputs/mapping/release/usage.txt
com.aragaer.yama.BuildConfig
com.aragaer.yama.MemoCreateActivity:
    private static final int SAVE_BUTTON_ID
    private static final int DISCARD_BUTTON_ID
com.aragaer.yama.MemoFile:
    private static final int MODE_APPEND
    private static final int MODE_OVERWRITE
    11:11:public MemoFile()
com.aragaer.yama.R
com.aragaer.yama.R$attr
com.aragaer.yama.R$drawable
com.aragaer.yama.R$id
com.aragaer.yama.R$layout
com.aragaer.yama.R$menu
com.aragaer.yama.R$string